{
  "stats": {
    "suites": 1,
    "tests": 3,
    "passes": 3,
    "pending": 0,
    "failures": 0,
    "start": "2019-09-14T09:06:21.355Z",
    "end": "2019-09-14T09:06:59.878Z",
    "duration": 38523,
    "testsRegistered": 3,
    "passPercent": 100,
    "pendingPercent": 0,
    "other": 0,
    "hasOther": false,
    "skipped": 0,
    "hasSkipped": false,
    "passPercentClass": "success",
    "pendingPercentClass": "danger"
  },
  "suites": {
    "uuid": "d0dfe5f6-3f93-47e6-a91a-d7d9a06496c8",
    "title": "",
    "fullFile": "",
    "file": "",
    "beforeHooks": [],
    "afterHooks": [],
    "tests": [],
    "suites": [
      {
        "uuid": "6e86ebbe-2c12-44cb-aeec-d4ee2226d3b6",
        "title": "1ke courselist scenarios",
        "fullFile": "/Users/liuyi/study/js/webdriverjs/test/list.js",
        "file": "/test/list.js",
        "beforeHooks": [
          {
            "title": "\"before each\" hook",
            "fullTitle": "1ke courselist scenarios \"before each\" hook",
            "timedOut": false,
            "duration": 1,
            "pass": false,
            "fail": false,
            "pending": false,
            "code": "page = new Page();\n      page.driver.manage().window().setPosition(0, -600);\n      page.visit('http://1ke.co/course/explore');",
            "err": {},
            "isRoot": false,
            "uuid": "2c7a517d-8d1d-481a-9880-f1eb36176d78",
            "isHook": true,
            "skipped": false
          }
        ],
        "afterHooks": [
          {
            "title": "\"after each\" hook",
            "fullTitle": "1ke courselist scenarios \"after each\" hook",
            "timedOut": false,
            "duration": 0,
            "pass": false,
            "fail": false,
            "pending": false,
            "code": "page.driver.quit();",
            "err": {},
            "isRoot": false,
            "uuid": "f1788d03-3667-4767-a7ce-ec0646d1ea76",
            "isHook": true,
            "skipped": false
          }
        ],
        "tests": [
          {
            "title": "it should have a list",
            "fullTitle": "1ke courselist scenarios it should have a list",
            "timedOut": false,
            "duration": 9334,
            "state": "passed",
            "speed": "slow",
            "pass": true,
            "fail": false,
            "pending": false,
            "code": "var list = page.listCourses();",
            "err": {},
            "isRoot": false,
            "uuid": "bf4a8564-02f6-43e5-810a-892447062ad6",
            "isHook": false,
            "skipped": false
          },
          {
            "title": "it should have filter",
            "fullTitle": "1ke courselist scenarios it should have filter",
            "timedOut": false,
            "duration": 12891,
            "state": "passed",
            "speed": "slow",
            "pass": true,
            "fail": false,
            "pending": false,
            "code": "page.clickBasicBtn().should.eventually.contain('零基础');",
            "err": {},
            "isRoot": false,
            "uuid": "1c390554-83d3-4932-9adc-d000dabff911",
            "isHook": false,
            "skipped": false
          },
          {
            "title": "it should have search",
            "fullTitle": "1ke courselist scenarios it should have search",
            "timedOut": false,
            "duration": 16254,
            "state": "passed",
            "speed": "slow",
            "pass": true,
            "fail": false,
            "pending": false,
            "code": "var search = page.searchCourse();\nsearch.courseList.should.eventually.contain(search.searchKeyword);",
            "err": {},
            "isRoot": false,
            "uuid": "6e97f970-0d17-4812-8bef-0cf809979642",
            "isHook": false,
            "skipped": false
          }
        ],
        "suites": [],
        "passes": [
          "bf4a8564-02f6-43e5-810a-892447062ad6",
          "1c390554-83d3-4932-9adc-d000dabff911",
          "6e97f970-0d17-4812-8bef-0cf809979642"
        ],
        "failures": [],
        "pending": [],
        "skipped": [],
        "duration": 38479,
        "root": false,
        "rootEmpty": false,
        "_timeout": 80000
      }
    ],
    "passes": [],
    "failures": [],
    "pending": [],
    "skipped": [],
    "duration": 0,
    "root": true,
    "rootEmpty": true,
    "_timeout": 2000
  },
  "copyrightYear": 2019
}